  源.cpp
D:\fb的编程之路\Visual Studio\五子棋人机对决\五子棋人机对决\源.cpp(33,11): error C4996: 'fopen': This function or variable may be unsafe. Consider using fopen_s instead. To disable deprecation, use _CRT_SECURE_NO_WARNINGS. See online help for details.
D:\fb的编程之路\Visual Studio\五子棋人机对决\五子棋人机对决\源.cpp(83,101): error C2665: “loadimage”: 2 个重载中没有一个可以转换所有参数类型
C:\Program Files\Microsoft Visual Studio\2022\Community\VC\Auxiliary\VS\include\easyx.h(257,6): message : 可能是“void loadimage(IMAGE *,LPCTSTR,LPCTSTR,int,int,bool)”
C:\Program Files\Microsoft Visual Studio\2022\Community\VC\Auxiliary\VS\include\easyx.h(256,6): message : 或    “void loadimage(IMAGE *,LPCTSTR,int,int,bool)”
D:\fb的编程之路\Visual Studio\五子棋人机对决\五子棋人机对决\源.cpp(83,101): message : 尝试匹配参数列表“(IMAGE *, const wchar_t [40], int, int)”时
D:\fb的编程之路\Visual Studio\五子棋人机对决\五子棋人机对决\源.cpp(93,52): error C2665: “settextstyle”: 4 个重载中没有一个可以转换所有参数类型
C:\Program Files\Microsoft Visual Studio\2022\Community\VC\Auxiliary\VS\include\easyx.h(248,6): message : 可能是“void settextstyle(int,int,LPCTSTR,int,int,int,bool,bool,bool)”
D:\fb的编程之路\Visual Studio\五子棋人机对决\五子棋人机对决\源.cpp(93,52): message : 尝试匹配参数列表“(int, int, const wchar_t [3], int, int, int, int, int, int)”时
D:\fb的编程之路\Visual Studio\五子棋人机对决\五子棋人机对决\源.cpp(95,37): error C2665: “outtextxy”: 2 个重载中没有一个可以转换所有参数类型
C:\Program Files\Microsoft Visual Studio\2022\Community\VC\Auxiliary\VS\include\easyx.h(224,6): message : 可能是“void outtextxy(int,int,TCHAR)”
C:\Program Files\Microsoft Visual Studio\2022\Community\VC\Auxiliary\VS\include\easyx.h(223,6): message : 或    “void outtextxy(int,int,LPCTSTR)”
D:\fb的编程之路\Visual Studio\五子棋人机对决\五子棋人机对决\源.cpp(95,37): message : 尝试匹配参数列表“(int, int, const wchar_t [5])”时
D:\fb的编程之路\Visual Studio\五子棋人机对决\五子棋人机对决\源.cpp(96,37): error C2665: “outtextxy”: 2 个重载中没有一个可以转换所有参数类型
C:\Program Files\Microsoft Visual Studio\2022\Community\VC\Auxiliary\VS\include\easyx.h(224,6): message : 可能是“void outtextxy(int,int,TCHAR)”
C:\Program Files\Microsoft Visual Studio\2022\Community\VC\Auxiliary\VS\include\easyx.h(223,6): message : 或    “void outtextxy(int,int,LPCTSTR)”
D:\fb的编程之路\Visual Studio\五子棋人机对决\五子棋人机对决\源.cpp(96,37): message : 尝试匹配参数列表“(int, int, const wchar_t [5])”时
D:\fb的编程之路\Visual Studio\五子棋人机对决\五子棋人机对决\源.cpp(97,31): error C2665: “outtextxy”: 2 个重载中没有一个可以转换所有参数类型
C:\Program Files\Microsoft Visual Studio\2022\Community\VC\Auxiliary\VS\include\easyx.h(224,6): message : 可能是“void outtextxy(int,int,TCHAR)”
C:\Program Files\Microsoft Visual Studio\2022\Community\VC\Auxiliary\VS\include\easyx.h(223,6): message : 或    “void outtextxy(int,int,LPCTSTR)”
D:\fb的编程之路\Visual Studio\五子棋人机对决\五子棋人机对决\源.cpp(97,31): message : 尝试匹配参数列表“(int, int, const wchar_t [3])”时
D:\fb的编程之路\Visual Studio\五子棋人机对决\五子棋人机对决\源.cpp(98,37): error C2665: “outtextxy”: 2 个重载中没有一个可以转换所有参数类型
C:\Program Files\Microsoft Visual Studio\2022\Community\VC\Auxiliary\VS\include\easyx.h(224,6): message : 可能是“void outtextxy(int,int,TCHAR)”
C:\Program Files\Microsoft Visual Studio\2022\Community\VC\Auxiliary\VS\include\easyx.h(223,6): message : 或    “void outtextxy(int,int,LPCTSTR)”
D:\fb的编程之路\Visual Studio\五子棋人机对决\五子棋人机对决\源.cpp(98,37): message : 尝试匹配参数列表“(int, int, const wchar_t [5])”时
D:\fb的编程之路\Visual Studio\五子棋人机对决\五子棋人机对决\源.cpp(127,33): error C2664: “BOOL SetWindowTextA(HWND,LPCSTR)”: 无法将参数 2 从“const wchar_t [4]”转换为“LPCSTR”
D:\fb的编程之路\Visual Studio\五子棋人机对决\五子棋人机对决\源.cpp(127,21): message : 与指向的类型无关；强制转换要求 reinterpret_cast、C 样式强制转换或函数样式强制转换
C:\Program Files (x86)\Windows Kits\10\Include\10.0.19041.0\um\winuser.h(8904,1): message : 参见“SetWindowTextA”的声明
